
*** Error line 8.
   test(3.0 * 5.6 - 1.0);
        ^^^^^^^^^^^^^^^
*** Incompatible argument 1: double given, int expected


*** Error line 9.
   NewArray(true && false, bool);
            ^^^^^^^^^^^^^
*** Size for NewArray must be an integer


*** Error line 10.
   if (NewArray(5, int)) 1;
       ^^^^^^^^^^^^^^^^
*** Test expression must have boolean type


*** Error line 11.
   if (ReadInteger()) 1;
       ^^^^^^^^^^^^^
*** Test expression must have boolean type


*** Error line 12.
   if (ReadLine()) 1;
       ^^^^^^^^^^
*** Test expression must have boolean type


*** Error line 13.
   if (New(Cow)) 1;
           ^^^
*** No declaration found for variable 'Cow'


*** Error line 13.
   if (New(Cow)) 1;
       ^^^
*** No declaration found for function 'New'

